This is e-pTeX, Version 3.14159265-p3.7-160201-2.6 (utf8.euc) (TeX Live 2016) (preloaded format=platex 2016.9.28)  1 AUG 2017 14:23
entering extended mode
 restricted \write18 enabled.
 file:line:error style messages enabled.
 %&-line parsing enabled.
**NNbyPi1.mp
(./NNbyPi1.mp
pLaTeX2e <2016/09/08> (based on LaTeX2e <2016/03/31> patch level 3)
Babel <3.9r> and hyphenation patterns for 83 language(s) loaded.

./NNbyPi1.mp:2: LaTeX Error: Missing \begin{document}.

See the LaTeX manual or LaTeX Companion for explanation.
Type  H <return>  for immediate help.
 ...                                              
                                                  
l.2 i
     nput feynmp
? 
./NNbyPi1.mp:2: Emergency stop.
 ...                                              
                                                  
l.2 i
     nput feynmp
You're in trouble here.  Try typing  <return>  to proceed.
If that doesn't work, type  X <return>  to quit.

 
Here is how much of TeX's memory you used:
 6 strings out of 493682
 176 string characters out of 6149641
 54106 words of memory out of 5000000
 3672 multiletter control sequences out of 15000+600000
 7511 words of font info for 31 fonts, out of 8000000 for 9000
 929 hyphenation exceptions out of 8191
 5i,0n,4p,79b,14s stack positions out of 5000i,500n,10000p,200000b,80000s
No pages of output.
